<?xml version="1.0" encoding="UTF-8"?>
<!-- Generated by org.testng.reporters.JUnitXMLReporter -->
<testsuite ignored="0" hostname="DESKTOP-2NSKNHG" failures="1" tests="2" name="Default test" time="271.372" errors="0" timestamp="2023-03-29T10:43:38 IST">
  <testcase classname="io.cucumber.testng.AbstractTestNGCucumberTests" name="runScenario" time="26.491">
    <failure type="java.lang.AssertionError" message="expected [false] but found [true]">
      <![CDATA[java.lang.AssertionError: expected [false] but found [true]
at org.testng.Assert.fail(Assert.java:110)
at org.testng.Assert.failNotEquals(Assert.java:1413)
at org.testng.Assert.assertFalse(Assert.java:78)
at org.testng.Assert.assertFalse(Assert.java:88)
at parallel.LoginStepDefinition.forgot_your_password_link_should_be_displayed(LoginStepDefinition.java:62)
at âœ½.forgot your password link should be displayed(file:///C:/Users/Admin/Desktop/Suresh%20Amazon/Amazon_BDDCucumber-main/src/test/resources/parallel/Login.feature:7)
]]>
    </failure>
  </testcase> <!-- runScenario -->
  <testcase classname="io.cucumber.testng.AbstractTestNGCucumberTests" name="runScenario" time="260.685"/>
</testsuite> <!-- Default test -->
