<?xml version="1.0" encoding="UTF-8"?>
<testng-results ignored="0" total="2" passed="1" failed="1" skipped="0">
  <reporter-output>
  </reporter-output>
  <suite started-at="2023-03-29T10:39:06 IST" name="Default suite" finished-at="2023-03-29T10:43:38 IST" duration-ms="271372">
    <groups>
      <group name="cucumber">
        <method signature="AbstractTestNGCucumberTests.runScenario(io.cucumber.testng.PickleWrapper,io.cucumber.testng.FeatureWrapper)[pri:0, instance:parallel.Parallel_Run@4758820d]" name="runScenario" class="io.cucumber.testng.AbstractTestNGCucumberTests"/>
      </group> <!-- cucumber -->
    </groups>
    <test started-at="2023-03-29T10:39:06 IST" name="Default test" finished-at="2023-03-29T10:43:38 IST" duration-ms="271372">
      <class name="parallel.Parallel_Run">
        <test-method is-config="true" signature="setUpClass(org.testng.ITestContext)[pri:0, instance:parallel.Parallel_Run@4758820d]" started-at="2023-03-29T10:39:06 IST" name="setUpClass" finished-at="2023-03-29T10:39:08 IST" duration-ms="1537" status="PASS">
          <params>
            <param index="0">
              <value>
                <![CDATA[org.testng.TestRunner@1b2df3aa]]>
              </value>
            </param>
          </params>
          <reporter-output>
          </reporter-output>
        </test-method> <!-- setUpClass -->
        <test-method signature="runScenario(io.cucumber.testng.PickleWrapper,io.cucumber.testng.FeatureWrapper)[pri:0, instance:parallel.Parallel_Run@4758820d]" started-at="2023-03-29T10:39:08 IST" name="runScenario" description="Runs Cucumber Scenarios" data-provider="scenarios" finished-at="2023-03-29T10:43:29 IST" duration-ms="260685" status="PASS">
          <params>
            <param index="0">
              <value>
                <![CDATA["Adding product to the cart and validating accordingly"]]>
              </value>
            </param>
            <param index="1">
              <value>
                <![CDATA["Search product and select and add to cart with other functionalities"]]>
              </value>
            </param>
          </params>
          <reporter-output>
          </reporter-output>
        </test-method> <!-- runScenario -->
        <test-method signature="runScenario(io.cucumber.testng.PickleWrapper,io.cucumber.testng.FeatureWrapper)[pri:0, instance:parallel.Parallel_Run@4758820d]" started-at="2023-03-29T10:39:08 IST" name="runScenario" description="Runs Cucumber Scenarios" data-provider="scenarios" finished-at="2023-03-29T10:39:34 IST" duration-ms="26491" status="FAIL">
          <params>
            <param index="0">
              <value>
                <![CDATA["Customer login to the app and validate Forgot Password Link"]]>
              </value>
            </param>
            <param index="1">
              <value>
                <![CDATA["Login Page Feature"]]>
              </value>
            </param>
          </params>
          <exception class="java.lang.AssertionError">
            <message>
              <![CDATA[expected [false] but found [true]]]>
            </message>
            <full-stacktrace>
              <![CDATA[java.lang.AssertionError: expected [false] but found [true]
at org.testng.Assert.fail(Assert.java:110)
at org.testng.Assert.failNotEquals(Assert.java:1413)
at org.testng.Assert.assertFalse(Assert.java:78)
at org.testng.Assert.assertFalse(Assert.java:88)
at parallel.LoginStepDefinition.forgot_your_password_link_should_be_displayed(LoginStepDefinition.java:62)
at âœ½.forgot your password link should be displayed(file:///C:/Users/Admin/Desktop/Suresh%20Amazon/Amazon_BDDCucumber-main/src/test/resources/parallel/Login.feature:7)
]]>
            </full-stacktrace>
          </exception> <!-- java.lang.AssertionError -->
          <reporter-output>
          </reporter-output>
        </test-method> <!-- runScenario -->
        <test-method is-config="true" signature="tearDownClass()[pri:0, instance:parallel.Parallel_Run@4758820d]" started-at="2023-03-29T10:43:29 IST" name="tearDownClass" finished-at="2023-03-29T10:43:38 IST" duration-ms="9090" status="PASS">
          <reporter-output>
          </reporter-output>
        </test-method> <!-- tearDownClass -->
      </class> <!-- parallel.Parallel_Run -->
    </test> <!-- Default test -->
  </suite> <!-- Default suite -->
</testng-results>
